#
# A fatal error has been detected by the Java Runtime Environment:
#
#  EXCEPTION_ACCESS_VIOLATION (0xc0000005) at pc=0x00007ffb255c6a2e, pid=12196, tid=0x0000000000000854
#
# JRE version: Java(TM) SE Runtime Environment (8.0_144-b01) (build 1.8.0_144-b01)
# Java VM: Java HotSpot(TM) 64-Bit Server VM (25.144-b01 mixed mode windows-amd64 compressed oops)
# Problematic frame:
# C  [ntdll.dll+0x36a2e]
#
# Failed to write core dump. Minidumps are not enabled by default on client versions of Windows
#
# If you would like to submit a bug report, please visit:
#   http://bugreport.java.com/bugreport/crash.jsp
# The crash happened outside the Java Virtual Machine in native code.
# See problematic frame for where to report the bug.
#

---------------  T H R E A D  ---------------

Current thread (0x0000000020367000):  JavaThread "File Watcher" daemon [_thread_in_native, id=2132, stack(0x0000000061d00000,0x0000000061e00000)]

siginfo: ExceptionCode=0xc0000005, writing address 0x0000000021dfe348

Registers:
RAX=0x000000000069e6c0, RBX=0x0000000000000000, RCX=0x0000000000000000, RDX=0x000000000001000a
RSP=0x0000000061dfdf60, RBP=0x00000000000000ac, RSI=0x000000000064dd60, RDI=0x0000000000000000
R8 =0xfffffffffffffc40, R9 =0x0000000000000006, R10=0x000000000069e1f0, R11=0x0000000000000000
R12=0x00007ffb256980e0, R13=0x0000000000000000, R14=0x0000000021dfe340, R15=0x00000000000000a2
RIP=0x00007ffb255c6a2e, EFLAGS=0x0000000000010202

Top of Stack: (sp=0x0000000061dfdf60)
0x0000000061dfdf60:   0000000000000000 0000000000000000
0x0000000061dfdf70:   000000000064d930 00000000005e0000
0x0000000061dfdf80:   0000000061dfdf90 0000000061dfdfb8
0x0000000061dfdf90:   0000000061df0100 0000000000000000
0x0000000061dfdfa0:   00000000020800a2 000000000064dd60
0x0000000061dfdfb0:   0000000061dfe360 0000000000000002
0x0000000061dfdfc0:   0000000000000094 0000000061dfe3e0
0x0000000061dfdfd0:   0000000000000000 0000000061dfe388
0x0000000061dfdfe0:   0000000061dfe428 0000000000000000
0x0000000061dfdff0:   000000000064d940 00007ffb255c6bd1
0x0000000061dfe000:   0000000061dfe3e0 0000000000000000
0x0000000061dfe010:   000000000064dd50 00000000005e0000
0x0000000061dfe020:   0000000061dfe030 0000000061dfe058
0x0000000061dfe030:   0000000061df0100 0000000000000000
0x0000000061dfe040:   0000000002080094 000000000064d940
0x0000000061dfe050:   0000000061dfe400 0000000000000002 

Instructions: (pc=0x00007ffb255c6a2e)
0x00007ffb255c6a0e:   4d 85 f6 0f 84 e7 52 08 00 65 48 8b 0c 25 60 00
0x00007ffb255c6a1e:   00 00 33 d2 44 8b c5 48 8b 49 30 e8 42 09 00 00
0x00007ffb255c6a2e:   49 89 46 08 48 85 c0 0f 84 6b 52 08 00 44 0f b7
0x00007ffb255c6a3e:   7c 24 40 49 8b de 66 41 89 3e 66 41 89 6e 02 41 


Register to memory mapping:

RAX=0x000000000069e6c0 is an unknown value
RBX=0x0000000000000000 is an unknown value
RCX=0x0000000000000000 is an unknown value
RDX=0x000000000001000a is an unknown value
RSP=0x0000000061dfdf60 is pointing into the stack for thread: 0x0000000020367000
RBP=0x00000000000000ac is an unknown value
RSI=0x000000000064dd60 is an unknown value
RDI=0x0000000000000000 is an unknown value
R8 =0xfffffffffffffc40 is an unknown value
R9 =0x0000000000000006 is an unknown value
R10=0x000000000069e1f0 is an unknown value
R11=0x0000000000000000 is an unknown value
R12=0x00007ffb256980e0 is an unknown value
R13=0x0000000000000000 is an unknown value
R14=0x0000000021dfe340 is pointing into the stack for thread: 0x000000001f7d9000
R15=0x00000000000000a2 is an unknown value


Stack: [0x0000000061d00000,0x0000000061e00000],  sp=0x0000000061dfdf60,  free space=1015k
Native frames: (J=compiled Java code, j=interpreted, Vv=VM code, C=native code)
C  [ntdll.dll+0x36a2e]
C  [ntdll.dll+0x2df90]
C  [ntdll.dll+0x1d10b]
C  [KERNELBASE.dll+0x28448]
C  [KERNELBASE.dll+0x27dac]
C  [java.dll+0xa70a]
C  0x0000000002ee6ec9

Java frames: (J=compiled Java code, j=interpreted, Vv=VM code)
J 5520  java.io.WinNTFileSystem.list(Ljava/io/File;)[Ljava/lang/String; (0 bytes) @ 0x0000000002ee6e4f [0x0000000002ee6e00+0x4f]
J 5521 C1 java.io.File.listFiles()[Ljava/io/File; (52 bytes) @ 0x0000000002fe0934 [0x0000000002fe0880+0xb4]
J 5522 C1 org.springframework.boot.devtools.filewatch.FolderSnapshot.collectFiles(Ljava/io/File;Ljava/util/Set;)V (99 bytes) @ 0x0000000002ee8e6c [0x0000000002ee8e20+0x4c]
J 5522 C1 org.springframework.boot.devtools.filewatch.FolderSnapshot.collectFiles(Ljava/io/File;Ljava/util/Set;)V (99 bytes) @ 0x0000000002ee8fbc [0x0000000002ee8e20+0x19c]
J 5522 C1 org.springframework.boot.devtools.filewatch.FolderSnapshot.collectFiles(Ljava/io/File;Ljava/util/Set;)V (99 bytes) @ 0x0000000002ee8fbc [0x0000000002ee8e20+0x19c]
J 5522 C1 org.springframework.boot.devtools.filewatch.FolderSnapshot.collectFiles(Ljava/io/File;Ljava/util/Set;)V (99 bytes) @ 0x0000000002ee8fbc [0x0000000002ee8e20+0x19c]
J 5522 C1 org.springframework.boot.devtools.filewatch.FolderSnapshot.collectFiles(Ljava/io/File;Ljava/util/Set;)V (99 bytes) @ 0x0000000002ee8fbc [0x0000000002ee8e20+0x19c]
J 5522 C1 org.springframework.boot.devtools.filewatch.FolderSnapshot.collectFiles(Ljava/io/File;Ljava/util/Set;)V (99 bytes) @ 0x0000000002ee8fbc [0x0000000002ee8e20+0x19c]
J 6663 C1 org.springframework.boot.devtools.filewatch.FolderSnapshot.<init>(Ljava/io/File;)V (88 bytes) @ 0x00000000038d9b0c [0x00000000038d9700+0x40c]
J 6665 C1 org.springframework.boot.devtools.filewatch.FileSystemWatcher$Watcher.getCurrentSnapshots()Ljava/util/Map; (63 bytes) @ 0x00000000038daaa4 [0x00000000038da920+0x184]
J 6780 C1 org.springframework.boot.devtools.filewatch.FileSystemWatcher$Watcher.scan()V (63 bytes) @ 0x000000000391047c [0x0000000003910400+0x7c]
j  org.springframework.boot.devtools.filewatch.FileSystemWatcher$Watcher.run()V+30
J 11322 C1 java.lang.Thread.run()V (17 bytes) @ 0x0000000004289674 [0x0000000004289620+0x54]
v  ~StubRoutines::call_stub

---------------  P R O C E S S  ---------------

Java Threads: ( => current thread )
  0x0000000020370000 JavaThread "http-nio-8081-Acceptor" daemon [_thread_in_native, id=10944, stack(0x0000000062a00000,0x0000000062b00000)]
  0x000000002036d000 JavaThread "http-nio-8081-ClientPoller" daemon [_thread_in_native, id=15580, stack(0x0000000062900000,0x0000000062a00000)]
  0x000000002036c800 JavaThread "http-nio-8081-exec-10" daemon [_thread_blocked, id=14828, stack(0x0000000062800000,0x0000000062900000)]
  0x0000000020372800 JavaThread "http-nio-8081-exec-9" daemon [_thread_blocked, id=12748, stack(0x0000000062700000,0x0000000062800000)]
  0x0000000020373000 JavaThread "http-nio-8081-exec-8" daemon [_thread_blocked, id=10112, stack(0x0000000062600000,0x0000000062700000)]
  0x0000000020371800 JavaThread "http-nio-8081-exec-7" daemon [_thread_blocked, id=16092, stack(0x0000000062500000,0x0000000062600000)]
  0x000000002036f800 JavaThread "http-nio-8081-exec-6" daemon [_thread_blocked, id=14876, stack(0x0000000062400000,0x0000000062500000)]
  0x0000000020368800 JavaThread "http-nio-8081-exec-5" daemon [_thread_blocked, id=15096, stack(0x0000000062300000,0x0000000062400000)]
  0x000000002036e000 JavaThread "http-nio-8081-exec-4" daemon [_thread_blocked, id=16176, stack(0x0000000062200000,0x0000000062300000)]
  0x000000002036b800 JavaThread "http-nio-8081-exec-3" daemon [_thread_blocked, id=15332, stack(0x0000000062100000,0x0000000062200000)]
  0x0000000020368000 JavaThread "http-nio-8081-exec-2" daemon [_thread_blocked, id=11312, stack(0x0000000062000000,0x0000000062100000)]
  0x000000002036e800 JavaThread "http-nio-8081-exec-1" daemon [_thread_blocked, id=12308, stack(0x0000000061f00000,0x0000000062000000)]
  0x0000000020364000 JavaThread "http-nio-8081-BlockPoller" daemon [_thread_in_native, id=648, stack(0x0000000061e00000,0x0000000061f00000)]
=>0x0000000020367000 JavaThread "File Watcher" daemon [_thread_in_native, id=2132, stack(0x0000000061d00000,0x0000000061e00000)]
  0x0000000020366800 JavaThread "quartzScheduler_QuartzSchedulerThread" [_thread_blocked, id=2400, stack(0x0000000061c00000,0x0000000061d00000)]
  0x0000000020365800 JavaThread "quartzScheduler_Worker-10" [_thread_blocked, id=8568, stack(0x0000000061b00000,0x0000000061c00000)]
  0x0000000022dbc800 JavaThread "quartzScheduler_Worker-9" [_thread_blocked, id=10880, stack(0x0000000061a00000,0x0000000061b00000)]
  0x0000000022dbb800 JavaThread "quartzScheduler_Worker-8" [_thread_blocked, id=12720, stack(0x0000000061900000,0x0000000061a00000)]
  0x0000000022dbb000 JavaThread "quartzScheduler_Worker-7" [_thread_blocked, id=13148, stack(0x0000000061800000,0x0000000061900000)]
  0x0000000022db8800 JavaThread "quartzScheduler_Worker-6" [_thread_blocked, id=10544, stack(0x0000000061700000,0x0000000061800000)]
  0x0000000022db7000 JavaThread "quartzScheduler_Worker-5" [_thread_blocked, id=12684, stack(0x0000000061600000,0x0000000061700000)]
  0x0000000022dba000 JavaThread "quartzScheduler_Worker-4" [_thread_blocked, id=12976, stack(0x0000000061500000,0x0000000061600000)]
  0x0000000022daf800 JavaThread "quartzScheduler_Worker-3" [_thread_blocked, id=15108, stack(0x0000000061400000,0x0000000061500000)]
  0x0000000022daf000 JavaThread "quartzScheduler_Worker-2" [_thread_blocked, id=2404, stack(0x0000000061300000,0x0000000061400000)]
  0x0000000022db5800 JavaThread "quartzScheduler_Worker-1" [_thread_blocked, id=7792, stack(0x0000000061200000,0x0000000061300000)]
  0x0000000022db0800 JavaThread "container-0" [_thread_blocked, id=15216, stack(0x0000000061100000,0x0000000061200000)]
  0x0000000022dae000 JavaThread "Catalina-utility-2" [_thread_blocked, id=13412, stack(0x0000000061000000,0x0000000061100000)]
  0x0000000022db4000 JavaThread "Catalina-utility-1" [_thread_blocked, id=10992, stack(0x0000000060f00000,0x0000000061000000)]
  0x0000000022db2800 JavaThread "Druid-ConnectionPool-Destroy-1260702829" daemon [_thread_blocked, id=13948, stack(0x0000000060e00000,0x0000000060f00000)]
  0x0000000022db2000 JavaThread "Druid-ConnectionPool-Create-1260702829" daemon [_thread_blocked, id=3280, stack(0x0000000060d00000,0x0000000060e00000)]
  0x000000001f7dd800 JavaThread "File Watcher" daemon [_thread_blocked, id=192, stack(0x0000000059100000,0x0000000059200000)]
  0x000000001f7da800 JavaThread "File Watcher" daemon [_thread_blocked, id=10272, stack(0x0000000058e00000,0x0000000058f00000)]
  0x0000000020365000 JavaThread "File Watcher" daemon [_thread_blocked, id=14836, stack(0x0000000051300000,0x0000000051400000)]
  0x000000002036b000 JavaThread "File Watcher" daemon [_thread_blocked, id=1516, stack(0x0000000050e00000,0x0000000050f00000)]
  0x000000002036a000 JavaThread "File Watcher" daemon [_thread_blocked, id=14372, stack(0x0000000050b00000,0x0000000050c00000)]
  0x0000000022db5000 JavaThread "File Watcher" daemon [_thread_blocked, id=10852, stack(0x000000004de00000,0x000000004df00000)]
  0x0000000022db3800 JavaThread "File Watcher" daemon [_thread_blocked, id=13416, stack(0x000000004da00000,0x000000004db00000)]
  0x0000000022db8000 JavaThread "DestroyJavaVM" [_thread_blocked, id=13452, stack(0x0000000002830000,0x0000000002930000)]
  0x000000001f7d9000 JavaThread "Live Reload Server" daemon [_thread_in_native, id=14664, stack(0x0000000021d30000,0x0000000021e30000)]
  0x000000001db8e800 JavaThread "mysql-cj-abandoned-connection-cleanup" daemon [_thread_blocked, id=13408, stack(0x000000001f460000,0x000000001f560000)]
  0x000000001cd18800 JavaThread "RMI Scheduler(0)" daemon [_thread_blocked, id=12728, stack(0x000000001e260000,0x000000001e360000)]
  0x000000001c25e800 JavaThread "RMI TCP Accept-0" daemon [_thread_in_native, id=15492, stack(0x000000001c890000,0x000000001c990000)]
  0x000000001bf70800 JavaThread "Service Thread" daemon [_thread_blocked, id=14100, stack(0x000000001c790000,0x000000001c890000)]
  0x000000001bf6d000 JavaThread "C1 CompilerThread2" daemon [_thread_blocked, id=16116, stack(0x000000001c690000,0x000000001c790000)]
  0x000000001bf6a800 JavaThread "C2 CompilerThread1" daemon [_thread_blocked, id=12732, stack(0x000000001c590000,0x000000001c690000)]
  0x000000001bf69800 JavaThread "C2 CompilerThread0" daemon [_thread_blocked, id=13248, stack(0x000000001c490000,0x000000001c590000)]
  0x0000000019cd1000 JavaThread "JDWP Event Helper Thread" daemon [_thread_blocked, id=13340, stack(0x000000001ba90000,0x000000001bb90000)]
  0x0000000019cb9800 JavaThread "Attach Listener" daemon [_thread_blocked, id=13232, stack(0x000000001b4e0000,0x000000001b5e0000)]
  0x0000000019ca7800 JavaThread "Signal Dispatcher" daemon [_thread_blocked, id=13324, stack(0x000000001b3e0000,0x000000001b4e0000)]
  0x0000000019c7f800 JavaThread "Finalizer" daemon [_thread_blocked, id=10088, stack(0x000000001aee0000,0x000000001afe0000)]
  0x0000000019c59000 JavaThread "Reference Handler" daemon [_thread_blocked, id=9000, stack(0x000000001ade0000,0x000000001aee0000)]

Other Threads:
  0x0000000019c57000 VMThread [stack: 0x000000001ace0000,0x000000001ade0000] [id=13612]
  0x000000001c274000 WatcherThread [stack: 0x000000001c990000,0x000000001ca90000] [id=12496]

VM state:not at safepoint (normal execution)

VM Mutex/Monitor currently owned by a thread: None

Heap:
 PSYoungGen      total 797184K, used 638165K [0x0000000780980000, 0x00000007bd080000, 0x00000007c0000000)
  eden space 790528K, 79% used [0x0000000780980000,0x00000007a729b160,0x00000007b0d80000)
  from space 6656K, 93% used [0x00000007bca00000,0x00000007bd01a4a8,0x00000007bd080000)
  to   space 17408K, 0% used [0x00000007bae80000,0x00000007bae80000,0x00000007bbf80000)
 ParOldGen       total 114688K, used 54063K [0x0000000701c00000, 0x0000000708c00000, 0x0000000780980000)
  object space 114688K, 47% used [0x0000000701c00000,0x00000007050cbc78,0x0000000708c00000)
 Metaspace       used 79353K, capacity 85699K, committed 86320K, reserved 1124352K
  class space    used 9946K, capacity 11253K, committed 11392K, reserved 1048576K

Card table byte_map: [0x0000000011fd0000,0x00000000125d0000] byte_map_base: 0x000000000e7c2000

Marking Bits: (ParMarkBitMap*) 0x0000000072afd850
 Begin Bits: [0x0000000012dd0000, 0x0000000015d60000)
 End Bits:   [0x0000000015d60000, 0x0000000018cf0000)

Polling page: 0x00000000025e0000

CodeCache: size=245760Kb used=27379Kb max_used=27379Kb free=218380Kb
 bounds [0x0000000002c10000, 0x00000000046d0000, 0x0000000011c10000]
 total_blobs=14113 nmethods=13534 adapters=498
 compilation: enabled

Compilation events (10 events):
Event: 10764.781 Thread 0x000000001bf6d000 13662       1       com.google.common.cache.LocalCache$AccessQueue::peek (5 bytes)
Event: 10764.781 Thread 0x000000001bf6d000 nmethod 13662 0x00000000046cd190 code [0x00000000046cd300, 0x00000000046cd468]
Event: 10764.781 Thread 0x000000001bf6d000 13663       1       com.google.common.cache.LocalCache$AccessQueue::peek (24 bytes)
Event: 10764.781 Thread 0x000000001bf6d000 nmethod 13663 0x00000000046cd510 code [0x00000000046cd680, 0x00000000046cd7e8]
Event: 10764.781 Thread 0x000000001bf6d000 13664   !   1       com.google.common.cache.LocalCache::processPendingNotifications (47 bytes)
Event: 10764.781 Thread 0x000000001bf6d000 nmethod 13664 0x00000000046cd850 code [0x00000000046cda00, 0x00000000046cde48]
Event: 10764.794 Thread 0x000000001bf6d000 13665       1       com.google.common.collect.Maps::immutableEntry (10 bytes)
Event: 10764.794 Thread 0x000000001bf6d000 nmethod 13665 0x00000000046ce1d0 code [0x00000000046ce320, 0x00000000046ce490]
Event: 58135.933 Thread 0x000000001bf6d000 13666   !   1       org.apache.catalina.core.ContainerBase::threadStart (144 bytes)
Event: 58135.958 Thread 0x000000001bf6d000 nmethod 13666 0x00000000046ce550 code [0x00000000046ce720, 0x00000000046ceba8]

GC Heap History (10 events):
Event: 56310.247 GC heap before
{Heap before GC invocations=69 (full 27):
 PSYoungGen      total 1011200K, used 1010766K [0x0000000780980000, 0x00000007bfe80000, 0x00000007c0000000)
  eden space 999424K, 100% used [0x0000000780980000,0x00000007bd980000,0x00000007bd980000)
  from space 11776K, 96% used [0x00000007bd980000,0x00000007be493b78,0x00000007be500000)
  to   space 18944K, 0% used [0x00000007bec00000,0x00000007bec00000,0x00000007bfe80000)
 ParOldGen       total 114688K, used 54063K [0x0000000701c00000, 0x0000000708c00000, 0x0000000780980000)
  object space 114688K, 47% used [0x0000000701c00000,0x00000007050cbc78,0x0000000708c00000)
 Metaspace       used 79353K, capacity 85699K, committed 86320K, reserved 1124352K
  class space    used 9946K, capacity 11253K, committed 11392K, reserved 1048576K
Event: 56310.255 GC heap after
Heap after GC invocations=69 (full 27):
 PSYoungGen      total 961024K, used 7273K [0x0000000780980000, 0x00000007bf380000, 0x00000007c0000000)
  eden space 953344K, 0% used [0x0000000780980000,0x0000000780980000,0x00000007bac80000)
  from space 7680K, 94% used [0x00000007bec00000,0x00000007bf31a4e8,0x00000007bf380000)
  to   space 18432K, 0% used [0x00000007bcf80000,0x00000007bcf80000,0x00000007be180000)
 ParOldGen       total 114688K, used 54063K [0x0000000701c00000, 0x0000000708c00000, 0x0000000780980000)
  object space 114688K, 47% used [0x0000000701c00000,0x00000007050cbc78,0x0000000708c00000)
 Metaspace       used 79353K, capacity 85699K, committed 86320K, reserved 1124352K
  class space    used 9946K, capacity 11253K, committed 11392K, reserved 1048576K
}
Event: 56863.284 GC heap before
{Heap before GC invocations=70 (full 27):
 PSYoungGen      total 961024K, used 960617K [0x0000000780980000, 0x00000007bf380000, 0x00000007c0000000)
  eden space 953344K, 100% used [0x0000000780980000,0x00000007bac80000,0x00000007bac80000)
  from space 7680K, 94% used [0x00000007bec00000,0x00000007bf31a4e8,0x00000007bf380000)
  to   space 18432K, 0% used [0x00000007bcf80000,0x00000007bcf80000,0x00000007be180000)
 ParOldGen       total 114688K, used 54063K [0x0000000701c00000, 0x0000000708c00000, 0x0000000780980000)
  object space 114688K, 47% used [0x0000000701c00000,0x00000007050cbc78,0x0000000708c00000)
 Metaspace       used 79353K, capacity 85699K, committed 86320K, reserved 1124352K
  class space    used 9946K, capacity 11253K, committed 11392K, reserved 1048576K
Event: 56863.291 GC heap after
Heap after GC invocations=70 (full 27):
 PSYoungGen      total 915968K, used 6297K [0x0000000780980000, 0x00000007bec80000, 0x00000007c0000000)
  eden space 909312K, 0% used [0x0000000780980000,0x0000000780980000,0x00000007b8180000)
  from space 6656K, 94% used [0x00000007bcf80000,0x00000007bd5a6498,0x00000007bd600000)
  to   space 18432K, 0% used [0x00000007bda80000,0x00000007bda80000,0x00000007bec80000)
 ParOldGen       total 114688K, used 54063K [0x0000000701c00000, 0x0000000708c00000, 0x0000000780980000)
  object space 114688K, 47% used [0x0000000701c00000,0x00000007050cbc78,0x0000000708c00000)
 Metaspace       used 79353K, capacity 85699K, committed 86320K, reserved 1124352K
  class space    used 9946K, capacity 11253K, committed 11392K, reserved 1048576K
}
Event: 57392.299 GC heap before
{Heap before GC invocations=71 (full 27):
 PSYoungGen      total 915968K, used 915609K [0x0000000780980000, 0x00000007bec80000, 0x00000007c0000000)
  eden space 909312K, 100% used [0x0000000780980000,0x00000007b8180000,0x00000007b8180000)
  from space 6656K, 94% used [0x00000007bcf80000,0x00000007bd5a6498,0x00000007bd600000)
  to   space 18432K, 0% used [0x00000007bda80000,0x00000007bda80000,0x00000007bec80000)
 ParOldGen       total 114688K, used 54063K [0x0000000701c00000, 0x0000000708c00000, 0x0000000780980000)
  object space 114688K, 47% used [0x0000000701c00000,0x00000007050cbc78,0x0000000708c00000)
 Metaspace       used 79353K, capacity 85699K, committed 86320K, reserved 1124352K
  class space    used 9946K, capacity 11253K, committed 11392K, reserved 1048576K
Event: 57392.311 GC heap after
Heap after GC invocations=71 (full 27):
 PSYoungGen      total 874496K, used 6409K [0x0000000780980000, 0x00000007be100000, 0x00000007c0000000)
  eden space 867840K, 0% used [0x0000000780980000,0x0000000780980000,0x00000007b5900000)
  from space 6656K, 96% used [0x00000007bda80000,0x00000007be0c24a8,0x00000007be100000)
  to   space 17920K, 0% used [0x00000007bbe00000,0x00000007bbe00000,0x00000007bcf80000)
 ParOldGen       total 114688K, used 54063K [0x0000000701c00000, 0x0000000708c00000, 0x0000000780980000)
  object space 114688K, 47% used [0x0000000701c00000,0x00000007050cbc78,0x0000000708c00000)
 Metaspace       used 79353K, capacity 85699K, committed 86320K, reserved 1124352K
  class space    used 9946K, capacity 11253K, committed 11392K, reserved 1048576K
}
Event: 57896.719 GC heap before
{Heap before GC invocations=72 (full 27):
 PSYoungGen      total 874496K, used 874249K [0x0000000780980000, 0x00000007be100000, 0x00000007c0000000)
  eden space 867840K, 100% used [0x0000000780980000,0x00000007b5900000,0x00000007b5900000)
  from space 6656K, 96% used [0x00000007bda80000,0x00000007be0c24a8,0x00000007be100000)
  to   space 17920K, 0% used [0x00000007bbe00000,0x00000007bbe00000,0x00000007bcf80000)
 ParOldGen       total 114688K, used 54063K [0x0000000701c00000, 0x0000000708c00000, 0x0000000780980000)
  object space 114688K, 47% used [0x0000000701c00000,0x00000007050cbc78,0x0000000708c00000)
 Metaspace       used 79353K, capacity 85699K, committed 86320K, reserved 1124352K
  class space    used 9946K, capacity 11253K, committed 11392K, reserved 1048576K
Event: 57896.730 GC heap after
Heap after GC invocations=72 (full 27):
 PSYoungGen      total 835072K, used 6249K [0x0000000780980000, 0x00000007bdb00000, 0x00000007c0000000)
  eden space 828416K, 0% used [0x0000000780980000,0x0000000780980000,0x00000007b3280000)
  from space 6656K, 93% used [0x00000007bbe00000,0x00000007bc41a4a8,0x00000007bc480000)
  to   space 17408K, 0% used [0x00000007bca00000,0x00000007bca00000,0x00000007bdb00000)
 ParOldGen       total 114688K, used 54063K [0x0000000701c00000, 0x0000000708c00000, 0x0000000780980000)
  object space 114688K, 47% used [0x0000000701c00000,0x00000007050cbc78,0x0000000708c00000)
 Metaspace       used 79353K, capacity 85699K, committed 86320K, reserved 1124352K
  class space    used 9946K, capacity 11253K, committed 11392K, reserved 1048576K
}
Event: 58378.395 GC heap before
{Heap before GC invocations=73 (full 27):
 PSYoungGen      total 835072K, used 834665K [0x0000000780980000, 0x00000007bdb00000, 0x00000007c0000000)
  eden space 828416K, 100% used [0x0000000780980000,0x00000007b3280000,0x00000007b3280000)
  from space 6656K, 93% used [0x00000007bbe00000,0x00000007bc41a4a8,0x00000007bc480000)
  to   space 17408K, 0% used [0x00000007bca00000,0x00000007bca00000,0x00000007bdb00000)
 ParOldGen       total 114688K, used 54063K [0x0000000701c00000, 0x0000000708c00000, 0x0000000780980000)
  object space 114688K, 47% used [0x0000000701c00000,0x00000007050cbc78,0x0000000708c00000)
 Metaspace       used 79353K, capacity 85699K, committed 86320K, reserved 1124352K
  class space    used 9946K, capacity 11253K, committed 11392K, reserved 1048576K
Event: 58378.408 GC heap after
Heap after GC invocations=73 (full 27):
 PSYoungGen      total 797184K, used 6249K [0x0000000780980000, 0x00000007bd080000, 0x00000007c0000000)
  eden space 790528K, 0% used [0x0000000780980000,0x0000000780980000,0x00000007b0d80000)
  from space 6656K, 93% used [0x00000007bca00000,0x00000007bd01a4a8,0x00000007bd080000)
  to   space 17408K, 0% used [0x00000007bae80000,0x00000007bae80000,0x00000007bbf80000)
 ParOldGen       total 114688K, used 54063K [0x0000000701c00000, 0x0000000708c00000, 0x0000000780980000)
  object space 114688K, 47% used [0x0000000701c00000,0x00000007050cbc78,0x0000000708c00000)
 Metaspace       used 79353K, capacity 85699K, committed 86320K, reserved 1124352K
  class space    used 9946K, capacity 11253K, committed 11392K, reserved 1048576K
}

Deoptimization events (0 events):
No events

Internal exceptions (10 events):
Event: 10764.817 Thread 0x0000000022db1000 Exception <a 'java/io/IOException'> (0x0000000792b29d98) thrown at [C:\re\workspace\8-2-build-windows-amd64-cygwin\jdk8u144\9417\hotspot\src\share\vm\prims\jni.cpp, line 709]
Event: 10764.817 Thread 0x0000000022db1000 Exception <a 'java/io/IOException'> (0x0000000792b2a210) thrown at [C:\re\workspace\8-2-build-windows-amd64-cygwin\jdk8u144\9417\hotspot\src\share\vm\prims\jni.cpp, line 709]
Event: 10764.818 Thread 0x0000000022db1000 Exception <a 'java/io/IOException'> (0x0000000792b2ba50) thrown at [C:\re\workspace\8-2-build-windows-amd64-cygwin\jdk8u144\9417\hotspot\src\share\vm\prims\jni.cpp, line 709]
Event: 10764.818 Thread 0x0000000022db1000 Exception <a 'java/io/IOException'> (0x0000000792b2bec8) thrown at [C:\re\workspace\8-2-build-windows-amd64-cygwin\jdk8u144\9417\hotspot\src\share\vm\prims\jni.cpp, line 709]
Event: 10764.827 Thread 0x0000000022db1000 Exception <a 'java/io/IOException'> (0x0000000792b73ad8) thrown at [C:\re\workspace\8-2-build-windows-amd64-cygwin\jdk8u144\9417\hotspot\src\share\vm\prims\jni.cpp, line 709]
Event: 10764.828 Thread 0x0000000022db1000 Exception <a 'java/io/IOException'> (0x0000000792b73f50) thrown at [C:\re\workspace\8-2-build-windows-amd64-cygwin\jdk8u144\9417\hotspot\src\share\vm\prims\jni.cpp, line 709]
Event: 10764.828 Thread 0x0000000022db1000 Exception <a 'java/io/IOException'> (0x0000000792b7a928) thrown at [C:\re\workspace\8-2-build-windows-amd64-cygwin\jdk8u144\9417\hotspot\src\share\vm\prims\jni.cpp, line 709]
Event: 10764.828 Thread 0x0000000022db1000 Exception <a 'java/io/IOException'> (0x0000000792b7abb8) thrown at [C:\re\workspace\8-2-build-windows-amd64-cygwin\jdk8u144\9417\hotspot\src\share\vm\prims\jni.cpp, line 709]
Event: 10764.832 Thread 0x0000000022db1000 Exception <a 'java/io/IOException'> (0x0000000792b90528) thrown at [C:\re\workspace\8-2-build-windows-amd64-cygwin\jdk8u144\9417\hotspot\src\share\vm\prims\jni.cpp, line 709]
Event: 10764.832 Thread 0x0000000022db1000 Exception <a 'java/io/IOException'> (0x0000000792b909a0) thrown at [C:\re\workspace\8-2-build-windows-amd64-cygwin\jdk8u144\9417\hotspot\src\share\vm\prims\jni.cpp, line 709]

Events (10 events):
Event: 56863.283 Executing VM operation: ParallelGCFailedAllocation
Event: 56863.292 Executing VM operation: ParallelGCFailedAllocation done
Event: 56863.292 Executing VM operation: BulkRevokeBias
Event: 56863.294 Executing VM operation: BulkRevokeBias done
Event: 57392.298 Executing VM operation: ParallelGCFailedAllocation
Event: 57392.312 Executing VM operation: ParallelGCFailedAllocation done
Event: 57896.719 Executing VM operation: ParallelGCFailedAllocation
Event: 57896.730 Executing VM operation: ParallelGCFailedAllocation done
Event: 58378.393 Executing VM operation: ParallelGCFailedAllocation
Event: 58378.408 Executing VM operation: ParallelGCFailedAllocation done


Dynamic libraries:
0x00007ff75e190000 - 0x00007ff75e1c7000 	D:\Java\jdk1.8\bin\java.exe
0x00007ffb25590000 - 0x00007ffb25761000 	C:\Windows\SYSTEM32\ntdll.dll
0x00007ffb23500000 - 0x00007ffb235ab000 	C:\Windows\System32\KERNEL32.DLL
0x00007ffb22060000 - 0x00007ffb2227d000 	C:\Windows\System32\KERNELBASE.dll
0x00007ffb25210000 - 0x00007ffb252b2000 	C:\Windows\System32\ADVAPI32.dll
0x00007ffb24e00000 - 0x00007ffb24e9e000 	C:\Windows\System32\msvcrt.dll
0x00007ffb24ed0000 - 0x00007ffb24f29000 	C:\Windows\System32\sechost.dll
0x00007ffb235b0000 - 0x00007ffb236d1000 	C:\Windows\System32\RPCRT4.dll
0x00007ffb23130000 - 0x00007ffb23295000 	C:\Windows\System32\USER32.dll
0x00007ffb22280000 - 0x00007ffb2229e000 	C:\Windows\System32\win32u.dll
0x00007ffb23400000 - 0x00007ffb23434000 	C:\Windows\System32\GDI32.dll
0x00007ffb21ed0000 - 0x00007ffb22052000 	C:\Windows\System32\gdi32full.dll
0x00007ffb16e70000 - 0x00007ffb170ea000 	C:\Windows\WinSxS\amd64_microsoft.windows.common-controls_6595b64144ccf1df_6.0.14393.351_none_4213128bc687e6d3\COMCTL32.dll
0x00007ffb252c0000 - 0x00007ffb25587000 	C:\Windows\System32\combase.dll
0x00007ffb21dd0000 - 0x00007ffb21ec5000 	C:\Windows\System32\ucrtbase.dll
0x00007ffb21b90000 - 0x00007ffb21bfa000 	C:\Windows\System32\bcryptPrimitives.dll
0x00007ffb08c10000 - 0x00007ffb08c84000 	C:\Program Files\BLDBaseService\BLDBaseService64.dll
0x00007ffb238f0000 - 0x00007ffb24df9000 	C:\Windows\System32\SHELL32.dll
0x00007ffb222a0000 - 0x00007ffb222e2000 	C:\Windows\System32\cfgmgr32.dll
0x00007ffb22440000 - 0x00007ffb22b1a000 	C:\Windows\System32\windows.storage.dll
0x00007ffb21a30000 - 0x00007ffb21a7c000 	C:\Windows\System32\powrprof.dll
0x00007ffb251a0000 - 0x00007ffb251f2000 	C:\Windows\System32\shlwapi.dll
0x00007ffb21a10000 - 0x00007ffb21a1f000 	C:\Windows\System32\kernel.appcore.dll
0x00007ffb21a80000 - 0x00007ffb21b29000 	C:\Windows\System32\shcore.dll
0x00007ffb219f0000 - 0x00007ffb21a04000 	C:\Windows\System32\profapi.dll
0x00007ffb22b20000 - 0x00007ffb22c57000 	C:\Windows\System32\ole32.dll
0x00007ffb23440000 - 0x00007ffb234ff000 	C:\Windows\System32\OLEAUT32.dll
0x00007ffb223a0000 - 0x00007ffb2243c000 	C:\Windows\System32\msvcp_win.dll
0x00007ffb24f90000 - 0x00007ffb24ffa000 	C:\Windows\System32\WS2_32.dll
0x00007ffb0dc30000 - 0x00007ffb0dec3000 	C:\Windows\SYSTEM32\WININET.dll
0x00007ffb1fd90000 - 0x00007ffb1fdc8000 	C:\Windows\SYSTEM32\IPHLPAPI.DLL
0x00007ffb107a0000 - 0x00007ffb10962000 	C:\Windows\SYSTEM32\urlmon.dll
0x00007ffb0fb20000 - 0x00007ffb0fb38000 	C:\Windows\SYSTEM32\NETAPI32.dll
0x00007ffb17a50000 - 0x00007ffb17cf2000 	C:\Windows\SYSTEM32\iertutil.dll
0x00007ffb24ea0000 - 0x00007ffb24ece000 	C:\Windows\System32\IMM32.DLL
0x0000000072b80000 - 0x0000000072c52000 	D:\Java\jdk1.8\jre\bin\msvcr100.dll
0x00000000722e0000 - 0x0000000072b7d000 	D:\Java\jdk1.8\jre\bin\server\jvm.dll
0x00007ffb25200000 - 0x00007ffb25208000 	C:\Windows\System32\PSAPI.DLL
0x00007ffb1e460000 - 0x00007ffb1e469000 	C:\Windows\SYSTEM32\WSOCK32.dll
0x00007ffb1fa70000 - 0x00007ffb1fa93000 	C:\Windows\SYSTEM32\WINMM.dll
0x00007ffb19360000 - 0x00007ffb1936a000 	C:\Windows\SYSTEM32\VERSION.dll
0x0000000002590000 - 0x00000000025bb000 	C:\Windows\SYSTEM32\WINMMBASE.dll
0x00000000739b0000 - 0x00000000739bf000 	D:\Java\jdk1.8\jre\bin\verify.dll
0x00000000722b0000 - 0x00000000722d9000 	D:\Java\jdk1.8\jre\bin\java.dll
0x0000000072270000 - 0x00000000722a5000 	D:\Java\jdk1.8\jre\bin\jdwp.dll
0x0000000072260000 - 0x0000000072268000 	D:\Java\jdk1.8\jre\bin\npt.dll
0x0000000072230000 - 0x0000000072253000 	D:\Java\jdk1.8\jre\bin\instrument.dll
0x00000000738b0000 - 0x00000000738c6000 	D:\Java\jdk1.8\jre\bin\zip.dll
0x0000000072220000 - 0x0000000072229000 	D:\Java\jdk1.8\jre\bin\dt_socket.dll
0x00007ffb203e0000 - 0x00007ffb204ed000 	C:\Windows\SysWoW64\ierd_tgp_lsp64.dll
0x00007ffb20f20000 - 0x00007ffb20f7c000 	C:\Windows\system32\mswsock.dll
0x00007ffb21630000 - 0x00007ffb21647000 	C:\Windows\SYSTEM32\CRYPTSP.dll
0x00007ffb210a0000 - 0x00007ffb210d3000 	C:\Windows\system32\rsaenh.dll
0x00007ffb21600000 - 0x00007ffb2162b000 	C:\Windows\SYSTEM32\bcrypt.dll
0x00007ffb20e20000 - 0x00007ffb20e3f000 	C:\Windows\SYSTEM32\USERENV.dll
0x00007ffb211c0000 - 0x00007ffb211cb000 	C:\Windows\SYSTEM32\CRYPTBASE.dll
0x0000000072200000 - 0x000000007221a000 	D:\Java\jdk1.8\jre\bin\net.dll
0x00007ffb22c60000 - 0x00007ffb22c68000 	C:\Windows\System32\NSI.dll
0x00007ffb132f0000 - 0x00007ffb13306000 	C:\Windows\SYSTEM32\dhcpcsvc6.DLL
0x00007ffb125d0000 - 0x00007ffb125ea000 	C:\Windows\SYSTEM32\dhcpcsvc.DLL
0x00000000721e0000 - 0x00000000721f1000 	D:\Java\jdk1.8\jre\bin\nio.dll
0x00007ffb1fdd0000 - 0x00007ffb1fe70000 	C:\Windows\SYSTEM32\DNSAPI.dll
0x00007ffb118d0000 - 0x00007ffb118da000 	C:\Windows\System32\rasadhlp.dll
0x00007ffb15220000 - 0x00007ffb1528a000 	C:\Windows\System32\fwpuclnt.dll
0x00000000721d0000 - 0x00000000721dd000 	D:\Java\jdk1.8\jre\bin\management.dll
0x00007ffb10d90000 - 0x00007ffb10da6000 	C:\Windows\system32\napinsp.dll
0x00007ffb10cd0000 - 0x00007ffb10cea000 	C:\Windows\system32\pnrpnsp.dll
0x00007ffb1f080000 - 0x00007ffb1f098000 	C:\Windows\system32\NLAapi.dll
0x00007ffb10cc0000 - 0x00007ffb10cce000 	C:\Windows\System32\winrnr.dll
0x00007ffb10ca0000 - 0x00007ffb10cb5000 	C:\Windows\System32\wshbth.dll
0x00000000721a0000 - 0x00000000721c4000 	D:\Java\jdk1.8\jre\bin\sunec.dll
0x00007ffb21650000 - 0x00007ffb217e2000 	C:\Windows\SYSTEM32\dbghelp.dll

VM Arguments:
jvm_args: -agentlib:jdwp=transport=dt_socket,address=127.0.0.1:53570,suspend=y,server=n -XX:TieredStopAtLevel=1 -Xverify:none -Dspring.output.ansi.enabled=always -Dcom.sun.management.jmxremote -Dspring.liveBeansView.mbeanDomain -Dspring.application.admin.enabled=true -javaagent:C:\Users\Administrator\.IntelliJIdea2018.3\system\captureAgent\debugger-agent.jar -Dfile.encoding=UTF-8 
java_command: com.cxt.work.correction.WorkCorrectionApplication
java_class_path (initial): D:\Java\jdk1.8\jre\lib\charsets.jar;D:\Java\jdk1.8\jre\lib\deploy.jar;D:\Java\jdk1.8\jre\lib\ext\access-bridge-64.jar;D:\Java\jdk1.8\jre\lib\ext\cldrdata.jar;D:\Java\jdk1.8\jre\lib\ext\dnsns.jar;D:\Java\jdk1.8\jre\lib\ext\jaccess.jar;D:\Java\jdk1.8\jre\lib\ext\jfxrt.jar;D:\Java\jdk1.8\jre\lib\ext\localedata.jar;D:\Java\jdk1.8\jre\lib\ext\nashorn.jar;D:\Java\jdk1.8\jre\lib\ext\sunec.jar;D:\Java\jdk1.8\jre\lib\ext\sunjce_provider.jar;D:\Java\jdk1.8\jre\lib\ext\sunmscapi.jar;D:\Java\jdk1.8\jre\lib\ext\sunpkcs11.jar;D:\Java\jdk1.8\jre\lib\ext\zipfs.jar;D:\Java\jdk1.8\jre\lib\javaws.jar;D:\Java\jdk1.8\jre\lib\jce.jar;D:\Java\jdk1.8\jre\lib\jfr.jar;D:\Java\jdk1.8\jre\lib\jfxswt.jar;D:\Java\jdk1.8\jre\lib\jsse.jar;D:\Java\jdk1.8\jre\lib\management-agent.jar;D:\Java\jdk1.8\jre\lib\plugin.jar;D:\Java\jdk1.8\jre\lib\resources.jar;D:\Java\jdk1.8\jre\lib\rt.jar;E:\idea\workspace\work-correction\target\classes;C:\Users\Administrator\.m2\repository\org\apache\shiro\shiro-core\1.5.1\shiro-core-1.5.1.jar;C:\Users\Administrator\.m2\repository\org\apache\shiro\shiro-lang\1.5.1\shiro-lang-1.5.1.jar;C:\Users\Administrator\.m2\repository\org\apache\shiro\shiro-cache\1.5.1\shiro-cache-1.5.1.jar;C:\Users\Administrator\.m2\repository\org\apache\shiro\shiro-crypto-hash\1.5.1\shiro-crypto-hash-1.5.1.jar;C:\Users\Administrator\.m2\repository\org\apache\shiro\shiro-crypto-core\1.5.1\shiro-crypto-core-1.5.1.jar;C:\Users\Administrator\.m2\repository\org\apache\shiro\shiro-crypto-cipher\1.5.1\shiro-crypto-cipher-1.5.1.jar;C:\Users\Administrator\.m2\repository\org\apache\shiro\shiro-config-core\1.5.1\shiro-config-core-1.5.1.jar;C:\Users\Administrator\.m2\repository\org\apache\shiro\shiro-config-ogdl\1.5.1\shiro-config-ogdl-1.5.1.jar;C:\Users\Administrator\.m2\repository\commons-beanutils\commons-beanutils\1.9.4\commons-beanutils-1.9.4.jar;C:\Users\Administrator\.m2\repository\commons-collections\commons-collections\3.2.2\commons-collections-3.2.2.jar;C:\Users\Administr
Launcher Type: SUN_STANDARD

Environment Variables:
JAVA_HOME=D:\Java\jdk1.8
CLASSPATH=.;D:\Java\jdk1.8\lib;D:\Java\jdk1.8\lib\tools.jar
PATH=C:\ProgramData\Oracle\Java\javapath;D:\Java\jdk1.8\bin;C:\Program Files (x86)\Python36-32\Scripts\;C:\Program Files (x86)\Python36-32\;C:\Windows\system32;C:\Windows;C:\Windows\System32\Wbem;C:\Windows\System32\WindowsPowerShell\v1.0\;C:\Program Files (x86)\NVIDIA Corporation\PhysX\Common;C:\Program Files\MySQL\MySQL Server 5.5\bin;D:\Hadoop\hadoop-2.7.2\hadoop-2.7.2\bin;D:\scala\scala-2.11.8\scala-2.11.8\bin;D:\Maven\apache-maven-3.3.9\bin;D:\apache-maven-3.3.9\bin;D:\Erlang\erl8.3\bin;D:\Download\MongoDB\bin;C:\Program Files\TortoiseGit\bin;D:\Git\cmd;C:\Program Files\nodejs\;D:\python\Scripts\;D:\python\;D:\Microsoft VS Code\bin;C:\Users\Administrator\AppData\Roaming\npm
USERNAME=Administrator
OS=Windows_NT
PROCESSOR_IDENTIFIER=Intel64 Family 6 Model 142 Stepping 9, GenuineIntel



---------------  S Y S T E M  ---------------

OS: Windows 10.0 , 64 bit Build 14393 (10.0.14393.0)

CPU:total 4 (initial active 4) (2 cores per cpu, 2 threads per core) family 6 model 142 stepping 9, cmov, cx8, fxsr, mmx, sse, sse2, sse3, ssse3, sse4.1, sse4.2, popcnt, avx, avx2, aes, clmul, erms, 3dnowpref, lzcnt, ht, tsc, tscinvbit, bmi1, bmi2, adx

Memory: 4k page, physical 12460572k(5832316k free), swap 15606300k(6049996k free)

vm_info: Java HotSpot(TM) 64-Bit Server VM (25.144-b01) for windows-amd64 JRE (1.8.0_144-b01), built on Jul 21 2017 21:57:33 by "java_re" with MS VC++ 10.0 (VS2010)

time: Tue Mar 17 10:18:31 2020
elapsed time: 58744 seconds (0d 16h 19m 4s)

